2020-11-13 10:27:17|533.013µs|200|GET|/|::1|0 B|19 B||
2020-11-13 10:27:17|38.198µs|404|GET|/favicon.ico|::1|0 B|9 B||
2020-11-13 10:27:26|22.906µs|200|GET|/currentUserName|::1|0 B|34 B||
2020-11-13 10:30:17|740.554µs|200|GET|/currentUserName|::1|0 B|8 B||
2020-11-13 10:30:22|32.021µs|404|GET|/currentUserID|::1|0 B|9 B||
2020-11-13 10:30:24|22.864µs|404|GET|/currentUserId|::1|0 B|9 B||
2020-11-13 10:30:49|370.816µs|200|GET|/currentUserId|::1|0 B|4 B||
2020-11-13 10:31:01|343.074µs|200|GET|/currentUserId|::1|0 B|2 B||
2020-11-13 12:35:30|745.628µs|200|GET|/|::1|0 B|19 B||
2020-11-13 12:35:30|48.316µs|404|GET|/favicon.ico|::1|0 B|9 B||
2020-11-13 12:41:43|1.11583ms|200|GET|/|::1|0 B|10 B||
2020-11-13 12:41:44|6.700586ms|200|GET|/static/css/app.bc863c01bd283b4b819e7aecef3aac7f.css|::1|file=static/css/app.bc863c01bd283b4b819e7aecef3aac7f.css|0 B|54.2 KB||
2020-11-13 12:41:44|802.979µs|200|GET|/static/js/manifest.fc113b1d276302e2cab1.js|::1|file=static/js/manifest.fc113b1d276302e2cab1.js|0 B|10 B||
2020-11-13 12:41:44|2.071415ms|200|GET|/static/js/app.68f5c35407ca9cd40d8b.js|::1|file=static/js/app.68f5c35407ca9cd40d8b.js|0 B|10 B||
2020-11-13 12:41:44|73.082081ms|200|GET|/static/js/vendor.dd31c3932b33cfeec940.js|::1|file=static/js/vendor.dd31c3932b33cfeec940.js|0 B|522.0 KB||
2020-11-13 12:41:51|24.488µs|404|POST|/login|::1|27 B|9 B|username=sang&password=123&|
2020-11-13 12:42:11|1.394391ms|200|GET|/static/js/manifest.fc113b1d276302e2cab1.js.map|::1|file=static/js/manifest.fc113b1d276302e2cab1.js.map|0 B|10 B||
2020-11-13 12:42:11|8.932412ms|200|GET|/static/js/app.68f5c35407ca9cd40d8b.js.map|::1|file=static/js/app.68f5c35407ca9cd40d8b.js.map|0 B|27.9 KB||
2020-11-13 12:42:11|11.330964ms|200|GET|/static/css/app.bc863c01bd283b4b819e7aecef3aac7f.css.map|::1|file=static/css/app.bc863c01bd283b4b819e7aecef3aac7f.css.map|0 B|76.2 KB||
2020-11-13 12:42:11|241.606994ms|200|GET|/static/js/vendor.dd31c3932b33cfeec940.js.map|::1|file=static/js/vendor.dd31c3932b33cfeec940.js.map|0 B|1.7 MB||
2020-11-13 12:42:14|19.055µs|404|POST|/login|::1|27 B|9 B|username=sang&password=123&|
2020-11-13 12:45:41|63.48µs|404|POST|/login|::1|27 B|9 B|username=sang&password=123&|
2020-11-13 12:47:51|646.139µs|304|GET|/|::1|0 B|0 B||
2020-11-13 12:47:55|180µs|304|GET|/|::1|0 B|0 B||
2020-11-13 12:48:00|50.196µs|200|POST|/login|::1|27 B|0 B|username=sang&password=123&|
2020-11-13 12:51:38|475.854µs|304|GET|/|::1|0 B|0 B||
2020-11-13 12:51:40|126.221µs|200|POST|/login|::1|0 B|0 B||
2020-11-14 15:30:44|471.937µs|304|GET|/|::1|0 B|0 B||
2020-11-14 15:30:44|28.192815ms|200|GET|/static/css/app.bc863c01bd283b4b819e7aecef3aac7f.css|::1|file=static/css/app.bc863c01bd283b4b819e7aecef3aac7f.css|0 B|54.2 KB||
2020-11-14 15:30:44|170.566µs|304|GET|/static/js/manifest.fc113b1d276302e2cab1.js|::1|file=static/js/manifest.fc113b1d276302e2cab1.js|0 B|0 B||
2020-11-14 15:30:44|115.033µs|304|GET|/static/js/app.68f5c35407ca9cd40d8b.js|::1|file=static/js/app.68f5c35407ca9cd40d8b.js|0 B|0 B||
2020-11-14 15:30:44|77.154324ms|200|GET|/static/js/vendor.dd31c3932b33cfeec940.js|::1|file=static/js/vendor.dd31c3932b33cfeec940.js|0 B|522.0 KB||
2020-11-14 15:30:44|61.84µs|404|GET|/favicon.ico|::1|0 B|9 B||
2020-11-14 15:30:46|96.245µs|200|POST|/login|::1|0 B|0 B||
2020-11-14 15:40:16|658.561µs|304|GET|/|::1|0 B|0 B||
2020-11-14 15:40:18|425.867µs|200|POST|/login|::1|0 B|49 B||
2020-11-14 15:40:21|262.684µs|304|GET|/static/js/manifest.fc113b1d276302e2cab1.js.map|::1|file=static/js/manifest.fc113b1d276302e2cab1.js.map|0 B|0 B||
2020-11-14 15:40:21|262.38µs|304|GET|/static/js/app.68f5c35407ca9cd40d8b.js.map|::1|file=static/js/app.68f5c35407ca9cd40d8b.js.map|0 B|0 B||
2020-11-14 15:40:21|9.364873ms|200|GET|/static/css/app.bc863c01bd283b4b819e7aecef3aac7f.css.map|::1|file=static/css/app.bc863c01bd283b4b819e7aecef3aac7f.css.map|0 B|76.2 KB||
2020-11-14 15:40:21|310.175268ms|200|GET|/static/js/vendor.dd31c3932b33cfeec940.js.map|::1|file=static/js/vendor.dd31c3932b33cfeec940.js.map|0 B|1.7 MB||
2020-11-14 15:40:23|130.563µs|200|POST|/login|::1|0 B|49 B||
2020-11-14 15:41:29|597.101µs|304|GET|/|::1|0 B|0 B||
2020-11-14 15:41:31|152.365µs|200|POST|/login|::1|0 B|49 B||
2020-11-14 15:43:36|302.431µs|200|POST|/login|::1|0 B|47 B||
2020-11-14 15:51:46|444.395µs|304|GET|/|::1|0 B|0 B||
2020-11-14 15:51:49|175.865µs|200|POST|/login|::1|0 B|47 B||
2020-11-14 15:56:56|934.018µs|200|POST|/login|::1|0 B|47 B||
2020-11-14 15:59:01|317.077µs|304|GET|/|::1|0 B|0 B||
2020-11-14 15:59:03|163.474µs|200|POST|/login|::1|0 B|47 B||
2020-11-14 16:00:12|167.848µs|200|POST|/login|::1|0 B|47 B||
2020-11-14 16:01:57|515.239µs|304|GET|/|::1|0 B|0 B||
2020-11-14 16:02:11|5.12609ms|200|GET|/|::1|0 B|10 B||
2020-11-14 16:02:11|15.036418ms|200|GET|/static/css/app.bc863c01bd283b4b819e7aecef3aac7f.css|::1|file=static/css/app.bc863c01bd283b4b819e7aecef3aac7f.css|0 B|54.2 KB||
2020-11-14 16:02:11|1.51678ms|200|GET|/static/js/manifest.fc113b1d276302e2cab1.js|::1|file=static/js/manifest.fc113b1d276302e2cab1.js|0 B|10 B||
2020-11-14 16:02:11|3.376626ms|200|GET|/static/js/app.68f5c35407ca9cd40d8b.js|::1|file=static/js/app.68f5c35407ca9cd40d8b.js|0 B|10 B||
2020-11-14 16:02:11|136.590705ms|200|GET|/static/js/vendor.dd31c3932b33cfeec940.js|::1|file=static/js/vendor.dd31c3932b33cfeec940.js|0 B|522.0 KB||
2020-11-14 16:02:12|747.075µs|200|GET|/static/js/manifest.fc113b1d276302e2cab1.js.map|::1|file=static/js/manifest.fc113b1d276302e2cab1.js.map|0 B|10 B||
2020-11-14 16:02:12|15.389959ms|200|GET|/static/css/app.bc863c01bd283b4b819e7aecef3aac7f.css.map|::1|file=static/css/app.bc863c01bd283b4b819e7aecef3aac7f.css.map|0 B|76.2 KB||
2020-11-14 16:02:12|6.112965ms|200|GET|/static/js/app.68f5c35407ca9cd40d8b.js.map|::1|file=static/js/app.68f5c35407ca9cd40d8b.js.map|0 B|27.9 KB||
2020-11-14 16:02:12|443.828694ms|200|GET|/static/js/vendor.dd31c3932b33cfeec940.js.map|::1|file=static/js/vendor.dd31c3932b33cfeec940.js.map|0 B|1.7 MB||
2020-11-14 16:02:13|1.341776ms|200|GET|/|::1|0 B|10 B||
2020-11-14 16:02:13|5.655111ms|200|GET|/static/css/app.bc863c01bd283b4b819e7aecef3aac7f.css|::1|file=static/css/app.bc863c01bd283b4b819e7aecef3aac7f.css|0 B|54.2 KB||
2020-11-14 16:02:13|472.557µs|200|GET|/static/js/manifest.fc113b1d276302e2cab1.js|::1|file=static/js/manifest.fc113b1d276302e2cab1.js|0 B|10 B||
2020-11-14 16:02:13|660.741µs|200|GET|/static/js/app.68f5c35407ca9cd40d8b.js|::1|file=static/js/app.68f5c35407ca9cd40d8b.js|0 B|10 B||
2020-11-14 16:02:14|164.549958ms|200|GET|/static/js/vendor.dd31c3932b33cfeec940.js|::1|file=static/js/vendor.dd31c3932b33cfeec940.js|0 B|522.0 KB||
2020-11-14 16:02:14|821.654µs|200|GET|/static/js/manifest.fc113b1d276302e2cab1.js.map|::1|file=static/js/manifest.fc113b1d276302e2cab1.js.map|0 B|10 B||
2020-11-14 16:02:14|9.024292ms|200|GET|/static/css/app.bc863c01bd283b4b819e7aecef3aac7f.css.map|::1|file=static/css/app.bc863c01bd283b4b819e7aecef3aac7f.css.map|0 B|76.2 KB||
2020-11-14 16:02:14|4.022637ms|200|GET|/static/js/app.68f5c35407ca9cd40d8b.js.map|::1|file=static/js/app.68f5c35407ca9cd40d8b.js.map|0 B|27.9 KB||
2020-11-14 16:02:14|437.641068ms|200|GET|/static/js/vendor.dd31c3932b33cfeec940.js.map|::1|file=static/js/vendor.dd31c3932b33cfeec940.js.map|0 B|1.7 MB||
2020-11-14 16:02:20|515.088µs|200|GET|/|::1|0 B|10 B||
2020-11-14 16:02:20|7.962004ms|200|GET|/static/css/app.bc863c01bd283b4b819e7aecef3aac7f.css|::1|file=static/css/app.bc863c01bd283b4b819e7aecef3aac7f.css|0 B|54.2 KB||
2020-11-14 16:02:20|499.6µs|200|GET|/static/js/app.68f5c35407ca9cd40d8b.js|::1|file=static/js/app.68f5c35407ca9cd40d8b.js|0 B|10 B||
2020-11-14 16:02:20|323.102µs|200|GET|/static/js/manifest.fc113b1d276302e2cab1.js|::1|file=static/js/manifest.fc113b1d276302e2cab1.js|0 B|10 B||
2020-11-14 16:02:20|150.081095ms|200|GET|/static/js/vendor.dd31c3932b33cfeec940.js|::1|file=static/js/vendor.dd31c3932b33cfeec940.js|0 B|522.0 KB||
2020-11-14 16:02:20|9.103107ms|200|GET|/static/css/app.bc863c01bd283b4b819e7aecef3aac7f.css.map|::1|file=static/css/app.bc863c01bd283b4b819e7aecef3aac7f.css.map|0 B|76.2 KB||
2020-11-14 16:02:20|2.34817ms|200|GET|/static/js/manifest.fc113b1d276302e2cab1.js.map|::1|file=static/js/manifest.fc113b1d276302e2cab1.js.map|0 B|10 B||
2020-11-14 16:02:20|4.116524ms|200|GET|/static/js/app.68f5c35407ca9cd40d8b.js.map|::1|file=static/js/app.68f5c35407ca9cd40d8b.js.map|0 B|27.9 KB||
2020-11-14 16:02:21|399.746694ms|200|GET|/static/js/vendor.dd31c3932b33cfeec940.js.map|::1|file=static/js/vendor.dd31c3932b33cfeec940.js.map|0 B|1.7 MB||
2020-11-14 16:02:21|416.936µs|200|GET|/|::1|0 B|10 B||
2020-11-14 16:02:21|7.42975ms|200|GET|/static/css/app.bc863c01bd283b4b819e7aecef3aac7f.css|::1|file=static/css/app.bc863c01bd283b4b819e7aecef3aac7f.css|0 B|54.2 KB||
2020-11-14 16:02:21|7.165814ms|200|GET|/static/js/manifest.fc113b1d276302e2cab1.js|::1|file=static/js/manifest.fc113b1d276302e2cab1.js|0 B|10 B||
2020-11-14 16:02:21|7.093276ms|200|GET|/static/js/app.68f5c35407ca9cd40d8b.js|::1|file=static/js/app.68f5c35407ca9cd40d8b.js|0 B|10 B||
2020-11-14 16:02:21|249.438µs|200|GET|/static/js/manifest.fc113b1d276302e2cab1.js.map|::1|file=static/js/manifest.fc113b1d276302e2cab1.js.map|0 B|10 B||
2020-11-14 16:02:21|8.835247ms|200|GET|/static/css/app.bc863c01bd283b4b819e7aecef3aac7f.css.map|::1|file=static/css/app.bc863c01bd283b4b819e7aecef3aac7f.css.map|0 B|76.2 KB||
2020-11-14 16:02:21|157.861931ms|200|GET|/static/js/vendor.dd31c3932b33cfeec940.js|::1|file=static/js/vendor.dd31c3932b33cfeec940.js|0 B|522.0 KB||
2020-11-14 16:02:22|3.245151ms|200|GET|/static/js/app.68f5c35407ca9cd40d8b.js.map|::1|file=static/js/app.68f5c35407ca9cd40d8b.js.map|0 B|27.9 KB||
2020-11-14 16:02:22|388.846686ms|200|GET|/static/js/vendor.dd31c3932b33cfeec940.js.map|::1|file=static/js/vendor.dd31c3932b33cfeec940.js.map|0 B|1.7 MB||
2020-11-14 16:02:23|359.709µs|200|GET|/|::1|0 B|10 B||
2020-11-14 16:02:24|6.740713ms|200|GET|/static/css/app.bc863c01bd283b4b819e7aecef3aac7f.css|::1|file=static/css/app.bc863c01bd283b4b819e7aecef3aac7f.css|0 B|54.2 KB||
2020-11-14 16:02:24|553.164µs|200|GET|/static/js/manifest.fc113b1d276302e2cab1.js|::1|file=static/js/manifest.fc113b1d276302e2cab1.js|0 B|10 B||
2020-11-14 16:02:24|3.439259ms|200|GET|/static/js/app.68f5c35407ca9cd40d8b.js|::1|file=static/js/app.68f5c35407ca9cd40d8b.js|0 B|10 B||
2020-11-14 16:02:24|9.557442ms|200|GET|/static/css/app.bc863c01bd283b4b819e7aecef3aac7f.css.map|::1|file=static/css/app.bc863c01bd283b4b819e7aecef3aac7f.css.map|0 B|76.2 KB||
2020-11-14 16:02:24|421.473µs|200|GET|/static/js/manifest.fc113b1d276302e2cab1.js.map|::1|file=static/js/manifest.fc113b1d276302e2cab1.js.map|0 B|10 B||
2020-11-14 16:02:24|121.571154ms|200|GET|/static/js/vendor.dd31c3932b33cfeec940.js|::1|file=static/js/vendor.dd31c3932b33cfeec940.js|0 B|522.0 KB||
2020-11-14 16:02:24|6.529448ms|200|GET|/static/js/app.68f5c35407ca9cd40d8b.js.map|::1|file=static/js/app.68f5c35407ca9cd40d8b.js.map|0 B|27.9 KB||
2020-11-14 16:02:24|423.740722ms|200|GET|/static/js/vendor.dd31c3932b33cfeec940.js.map|::1|file=static/js/vendor.dd31c3932b33cfeec940.js.map|0 B|1.7 MB||
2020-11-14 16:02:28|158.352µs|200|POST|/login|::1|0 B|47 B||
2020-11-14 16:05:28|2.200177ms|200|GET|/|::1|0 B|10 B||
2020-11-14 16:05:28|12.14983ms|200|GET|/static/css/app.bc863c01bd283b4b819e7aecef3aac7f.css|::1|file=static/css/app.bc863c01bd283b4b819e7aecef3aac7f.css|0 B|54.2 KB||
2020-11-14 16:05:28|16.148001ms|200|GET|/static/css/app.bc863c01bd283b4b819e7aecef3aac7f.css.map|::1|file=static/css/app.bc863c01bd283b4b819e7aecef3aac7f.css.map|0 B|76.2 KB||
2020-11-14 16:05:28|3.094528ms|200|GET|/static/js/manifest.fc113b1d276302e2cab1.js|::1|file=static/js/manifest.fc113b1d276302e2cab1.js|0 B|10 B||
2020-11-14 16:05:28|1.608338ms|200|GET|/static/js/app.68f5c35407ca9cd40d8b.js|::1|file=static/js/app.68f5c35407ca9cd40d8b.js|0 B|10 B||
2020-11-14 16:05:28|3.163778ms|200|GET|/static/js/manifest.fc113b1d276302e2cab1.js.map|::1|file=static/js/manifest.fc113b1d276302e2cab1.js.map|0 B|10 B||
2020-11-14 16:05:28|89.018035ms|200|GET|/static/js/vendor.dd31c3932b33cfeec940.js|::1|file=static/js/vendor.dd31c3932b33cfeec940.js|0 B|522.0 KB||
2020-11-14 16:05:29|6.540644ms|200|GET|/static/js/app.68f5c35407ca9cd40d8b.js.map|::1|file=static/js/app.68f5c35407ca9cd40d8b.js.map|0 B|27.9 KB||
2020-11-14 16:05:29|605.320645ms|200|GET|/static/js/vendor.dd31c3932b33cfeec940.js.map|::1|file=static/js/vendor.dd31c3932b33cfeec940.js.map|0 B|1.7 MB||
2020-11-14 16:06:56|3.767697ms|200|GET|/|::1|0 B|10 B||
2020-11-14 16:06:56|10.537085ms|200|GET|/static/css/app.bc863c01bd283b4b819e7aecef3aac7f.css|::1|file=static/css/app.bc863c01bd283b4b819e7aecef3aac7f.css|0 B|54.2 KB||
2020-11-14 16:06:56|16.485829ms|200|GET|/static/js/manifest.fc113b1d276302e2cab1.js|::1|file=static/js/manifest.fc113b1d276302e2cab1.js|0 B|10 B||
2020-11-14 16:06:56|1.104648ms|200|GET|/static/js/app.68f5c35407ca9cd40d8b.js|::1|file=static/js/app.68f5c35407ca9cd40d8b.js|0 B|10 B||
2020-11-14 16:06:56|18.315849ms|200|GET|/static/css/app.bc863c01bd283b4b819e7aecef3aac7f.css.map|::1|file=static/css/app.bc863c01bd283b4b819e7aecef3aac7f.css.map|0 B|76.2 KB||
2020-11-14 16:06:56|74.951338ms|200|GET|/static/js/vendor.dd31c3932b33cfeec940.js|::1|file=static/js/vendor.dd31c3932b33cfeec940.js|0 B|522.0 KB||
2020-11-14 16:06:56|627.418µs|200|GET|/static/js/manifest.fc113b1d276302e2cab1.js.map|::1|file=static/js/manifest.fc113b1d276302e2cab1.js.map|0 B|10 B||
2020-11-14 16:06:56|6.554586ms|200|GET|/static/js/app.68f5c35407ca9cd40d8b.js.map|::1|file=static/js/app.68f5c35407ca9cd40d8b.js.map|0 B|27.9 KB||
2020-11-14 16:06:57|432.202495ms|200|GET|/static/js/vendor.dd31c3932b33cfeec940.js.map|::1|file=static/js/vendor.dd31c3932b33cfeec940.js.map|0 B|1.7 MB||
2020-11-14 16:06:57|110.46µs|200|POST|/login|::1|0 B|47 B||
2020-11-14 16:08:19|1.218905ms|200|GET|/|::1|0 B|10 B||
2020-11-14 16:08:20|8.211909ms|200|GET|/static/css/app.bc863c01bd283b4b819e7aecef3aac7f.css|::1|file=static/css/app.bc863c01bd283b4b819e7aecef3aac7f.css|0 B|54.2 KB||
2020-11-14 16:08:20|610.642µs|200|GET|/static/js/manifest.fc113b1d276302e2cab1.js|::1|file=static/js/manifest.fc113b1d276302e2cab1.js|0 B|10 B||
2020-11-14 16:08:20|5.425295ms|200|GET|/static/js/app.68f5c35407ca9cd40d8b.js|::1|file=static/js/app.68f5c35407ca9cd40d8b.js|0 B|11.3 KB||
2020-11-14 16:08:20|119.946716ms|200|GET|/static/js/vendor.dd31c3932b33cfeec940.js|::1|file=static/js/vendor.dd31c3932b33cfeec940.js|0 B|522.0 KB||
2020-11-14 16:08:20|696.201µs|200|GET|/static/js/manifest.fc113b1d276302e2cab1.js.map|::1|file=static/js/manifest.fc113b1d276302e2cab1.js.map|0 B|10 B||
2020-11-14 16:08:20|12.891939ms|200|GET|/static/css/app.bc863c01bd283b4b819e7aecef3aac7f.css.map|::1|file=static/css/app.bc863c01bd283b4b819e7aecef3aac7f.css.map|0 B|76.2 KB||
2020-11-14 16:08:20|6.153619ms|200|GET|/static/js/app.68f5c35407ca9cd40d8b.js.map|::1|file=static/js/app.68f5c35407ca9cd40d8b.js.map|0 B|27.9 KB||
2020-11-14 16:08:21|384.769599ms|200|GET|/static/js/vendor.dd31c3932b33cfeec940.js.map|::1|file=static/js/vendor.dd31c3932b33cfeec940.js.map|0 B|1.7 MB||
2020-11-14 16:08:21|220.492µs|200|POST|/login|::1|0 B|47 B||
2020-11-14 16:09:40|1.625889ms|200|GET|/|::1|0 B|10 B||
2020-11-14 16:09:40|6.973892ms|200|GET|/static/css/app.bc863c01bd283b4b819e7aecef3aac7f.css|::1|file=static/css/app.bc863c01bd283b4b819e7aecef3aac7f.css|0 B|54.2 KB||
2020-11-14 16:09:40|800.268µs|200|GET|/static/js/manifest.fc113b1d276302e2cab1.js|::1|file=static/js/manifest.fc113b1d276302e2cab1.js|0 B|10 B||
2020-11-14 16:09:40|6.002066ms|200|GET|/static/js/app.68f5c35407ca9cd40d8b.js|::1|file=static/js/app.68f5c35407ca9cd40d8b.js|0 B|11.3 KB||
2020-11-14 16:09:40|127.707356ms|200|GET|/static/js/vendor.dd31c3932b33cfeec940.js|::1|file=static/js/vendor.dd31c3932b33cfeec940.js|0 B|522.0 KB||
2020-11-14 16:09:41|844.434µs|200|GET|/static/js/manifest.fc113b1d276302e2cab1.js.map|::1|file=static/js/manifest.fc113b1d276302e2cab1.js.map|0 B|10 B||
2020-11-14 16:09:41|10.285755ms|200|GET|/static/css/app.bc863c01bd283b4b819e7aecef3aac7f.css.map|::1|file=static/css/app.bc863c01bd283b4b819e7aecef3aac7f.css.map|0 B|76.2 KB||
2020-11-14 16:09:41|10.380962ms|200|GET|/static/js/app.68f5c35407ca9cd40d8b.js.map|::1|file=static/js/app.68f5c35407ca9cd40d8b.js.map|0 B|27.9 KB||
2020-11-14 16:09:41|605.261835ms|200|GET|/static/js/vendor.dd31c3932b33cfeec940.js.map|::1|file=static/js/vendor.dd31c3932b33cfeec940.js.map|0 B|1.7 MB||
2020-11-14 16:09:42|174.27µs|200|POST|/login|::1|0 B|47 B||
2020-11-14 16:09:42|3.626115ms|200|GET|/static/fonts/fontawesome-webfont.af7ae50.woff2|::1|file=static/fonts/fontawesome-webfont.af7ae50.woff2|0 B|64.0 KB||
2020-11-14 16:09:42|32.283µs|200|GET|/currentUserName|::1|0 B|8 B||
2020-11-14 16:09:50|69.715µs|404|GET|/article/all|::1|count=6 keywords= page=1 state=-1|0 B|9 B||
2020-11-14 16:09:50|39.792µs|404|GET|/article/all|::1|count=6 keywords= page=1 state=0|0 B|9 B||
2020-11-14 16:09:50|58.039µs|404|GET|/article/all|::1|count=6 keywords= page=1 state=2|0 B|9 B||
2020-11-14 16:09:50|61.733µs|404|GET|/article/all|::1|count=6 keywords= page=1 state=1|0 B|9 B||
2020-11-14 16:09:50|86.629µs|404|GET|/currentUserEmail|::1|0 B|9 B||
2020-11-14 16:09:50|61.833µs|404|GET|/isAdmin|::1|0 B|9 B||
2020-11-14 16:10:03|57.334µs|404|GET|/article/dataStatistics|::1|0 B|9 B||
2020-11-14 16:10:39|575.074µs|404|GET|/admin/category/all|::1|0 B|9 B||
2020-11-14 16:23:20|294.426µs|304|GET|/static/js/app.68f5c35407ca9cd40d8b.js|::1|file=static/js/app.68f5c35407ca9cd40d8b.js|0 B|0 B||
2020-11-14 16:31:20|471.739µs|404|GET|/static/js/app.68f5c35407ca9cd40d8b.js|::1|0 B|9 B||
2020-11-14 16:31:20|14.24µs|404|GET|/static/js/app.68f5c35407ca9cd40d8b.js|::1|0 B|9 B||
2020-11-14 16:32:07|1.087783ms|200|GET|/|::1|0 B|10 B||
2020-11-14 16:32:07|3.426274ms|200|GET|/static/js/app.68f5c35407ca9cd40d8b.js|::1|file=static/js/app.68f5c35407ca9cd40d8b.js|0 B|11.3 KB||
2020-11-14 16:32:09|232.779µs|200|POST|/login|::1|0 B|47 B||
2020-11-14 16:32:09|47.09µs|200|GET|/currentUserName|::1|0 B|8 B||
2020-11-14 21:31:51|356.315µs|404|GET|/|::1|0 B|9 B||
2020-11-14 21:31:56|44.084µs|404|GET|/login|::1|0 B|9 B||
2020-11-14 21:32:04|157.215µs|200|GET|/currentUserId|::1|0 B|2 B||
2020-11-14 21:46:05|976.988µs|404|GET|/|127.0.0.1|0 B|9 B||
2020-11-14 21:46:24|42.847µs|404|GET|/|127.0.0.1|0 B|9 B||
2020-11-14 21:57:55|493.879µs|200|GET|/|127.0.0.1|0 B|16 B||
2020-11-14 21:57:55|53.935µs|404|GET|/favicon.ico|127.0.0.1|0 B|9 B||
2020-11-14 22:01:05|376.057µs|200|GET|/|127.0.0.1|0 B|16 B||
2020-11-14 22:01:05|30.773µs|404|GET|/favicon.ico|127.0.0.1|0 B|9 B||
2020-11-14 22:01:17|26.41µs|200|GET|/|127.0.0.1|0 B|16 B||
2020-11-14 22:01:35|272.933µs|404|GET|/|127.0.0.1|0 B|9 B||
2020-11-14 22:01:36|40.081µs|404|GET|/|127.0.0.1|0 B|9 B||
2020-11-14 23:09:39|503.528µs|200|POST|/login|::1|0 B|47 B||
2020-11-14 23:10:07|106.595µs|200|POST|/login|::1|0 B|47 B||
2020-11-14 23:17:45|401.683µs|200|POST|/login|::1|0 B|47 B||
2020-11-14 23:22:28|4.095684ms|200|POST|/login|::1|0 B|47 B||
2020-11-14 23:24:03|637.561µs|200|POST|/login|::1|0 B|47 B||
2020-11-14 23:32:45|2.140346ms|200|POST|/login|::1|0 B|47 B||
2020-11-14 23:33:23|127.222µs|200|POST|/login|::1|0 B|47 B||
2020-11-14 23:35:00|169.741µs|200|POST|/login|::1|0 B|47 B||
2020-11-14 23:36:29|996.778µs|200|POST|/login|::1|0 B|47 B||
2020-11-14 23:37:50|332.664µs|200|POST|/login|::1|0 B|47 B||
2020-11-14 23:37:50|43.247µs|200|GET|/currentUserName|::1|0 B|8 B||
2020-11-14 23:38:04|45.029µs|404|GET|/logout|::1|0 B|9 B||
2020-11-14 23:38:05|105.73µs|200|POST|/login|::1|0 B|47 B||
2020-11-14 23:38:06|31.971µs|200|GET|/currentUserName|::1|0 B|8 B||
2020-11-14 23:49:24|312.999µs|200|GET|/logout|::1|0 B|0 B||
2020-11-14 23:49:34|204.645µs|200|POST|/login|::1|0 B|47 B||
2020-11-14 23:49:34|29.491µs|200|GET|/currentUserName|::1|0 B|8 B||
2020-11-14 23:49:37|29.141µs|404|GET|/article/all|::1|count=6 keywords= page=1 state=-1|0 B|9 B||
2020-11-14 23:49:37|14.617µs|404|GET|/article/all|::1|count=6 keywords= page=1 state=1|0 B|9 B||
2020-11-14 23:49:37|18.694µs|404|GET|/article/all|::1|count=6 keywords= page=1 state=0|0 B|9 B||
2020-11-14 23:49:37|79.554µs|404|GET|/currentUserEmail|::1|0 B|9 B||
2020-11-14 23:49:37|29.061µs|404|GET|/article/all|::1|count=6 keywords= page=1 state=2|0 B|9 B||
2020-11-14 23:49:37|11.793µs|404|GET|/isAdmin|::1|0 B|9 B||
2020-11-14 23:49:49|22.13µs|404|GET|/admin/user|::1|nickname=|0 B|9 B||
2020-11-14 23:49:55|18.301µs|404|GET|/admin/category/all|::1|0 B|9 B||
2020-11-14 23:49:57|16.635µs|404|GET|/article/dataStatistics|::1|0 B|9 B||
2020-11-14 23:50:33|31.568µs|404|GET|/article/all|::1|count=6 keywords= page=1 state=-1|0 B|9 B||
2020-11-14 23:50:33|18.125µs|404|GET|/article/all|::1|count=6 keywords= page=1 state=1|0 B|9 B||
2020-11-14 23:50:33|33.952µs|404|GET|/article/all|::1|count=6 keywords= page=1 state=0|0 B|9 B||
2020-11-14 23:50:33|17.296µs|404|GET|/article/all|::1|count=6 keywords= page=1 state=2|0 B|9 B||
2020-11-14 23:50:34|28.489µs|404|GET|/currentUserEmail|::1|0 B|9 B||
2020-11-14 23:50:34|9.715µs|404|GET|/isAdmin|::1|0 B|9 B||
2020-11-14 23:50:34|28.997µs|200|GET|/currentUserName|::1|0 B|8 B||
2020-11-15 00:10:02|128.196µs|200|GET|/logout|::1|0 B|0 B||
2020-11-15 00:10:06|55.418901ms|200|POST|/login|::1|0 B|47 B||
2020-11-15 00:10:06|31.787µs|200|GET|/currentUserName|::1|0 B|8 B||
2020-11-15 00:16:53|230.17µs|200|GET|/logout|::1|0 B|0 B||
2020-11-15 00:16:57|46.387039ms|200|POST|/login|::1|0 B|47 B||
2020-11-15 00:16:57|52.529µs|200|GET|/currentUserName|::1|0 B|8 B||
2020-11-15 00:19:17|276.767µs|200|GET|/logout|::1|0 B|0 B||
2020-11-15 00:19:19|41.810061ms|200|POST|/login|::1|0 B|47 B||
2020-11-15 00:19:20|37.681µs|200|GET|/currentUserName|::1|0 B|8 B||
2020-11-15 00:21:00|199.037µs|200|GET|/currentUserName|::1|0 B|8 B||
2020-11-15 00:21:38|25.089185ms|200|POST|/login|::1|0 B|47 B||
2020-11-15 00:21:38|46.829µs|200|GET|/currentUserName|::1|0 B|8 B||
2020-11-15 00:22:10|46.602µs|200|GET|/logout|::1|0 B|0 B||
2020-11-15 00:23:44|38.433207ms|200|POST|/login|::1|0 B|47 B||
2020-11-15 00:24:00|24.59217ms|200|POST|/login|::1|0 B|47 B||
2020-11-15 00:24:00|31.348µs|200|GET|/currentUserName|::1|0 B|8 B||
2020-11-15 14:39:57|30.084913ms|200|POST|/login|::1|0 B|234 B||
2020-11-15 14:39:58|21.725µs|401|GET|/currentUserName|::1|0 B|0 B||
2020-11-15 14:44:24|170.316µs|401|GET|/logout|::1|0 B|0 B||
2020-11-15 14:44:33|41.873145ms|200|POST|/login|::1|0 B|234 B||
2020-11-15 14:44:34|33.166µs|401|GET|/currentUserName|::1|0 B|0 B||
2020-11-15 14:53:06|37.15646ms|200|POST|/login|::1|0 B|234 B||
2020-11-15 14:57:46|24.61603ms|200|POST|/login|::1|0 B|234 B||
2020-11-15 14:57:46|1.108078ms|200|GET|/currentUserName|::1|0 B|8 B||
2020-11-15 15:02:07|500.054µs|200|GET|/logout|::1|0 B|0 B||
2020-11-15 15:02:17|25.866962ms|200|POST|/login|::1|0 B|234 B||
2020-11-15 15:02:17|15.288637ms|200|GET|/currentUserName|::1|0 B|18 B||
2020-11-15 15:03:11|28.944µs|404|GET|/admin/category/all|::1|0 B|9 B||
2020-11-15 15:03:14|18.038µs|404|GET|/article/dataStatistics|::1|0 B|9 B||
2020-11-15 15:03:16|20.792µs|404|GET|/admin/user|::1|nickname=|0 B|9 B||
2020-11-15 15:03:19|18.378µs|404|GET|/article/all|::1|count=6 keywords= page=1 state=-1|0 B|9 B||
2020-11-15 15:03:19|25.413µs|404|GET|/article/all|::1|count=6 keywords= page=1 state=1|0 B|9 B||
2020-11-15 15:03:19|21.222µs|404|GET|/article/all|::1|count=6 keywords= page=1 state=0|0 B|9 B||
2020-11-15 15:03:19|25.265µs|404|GET|/article/all|::1|count=6 keywords= page=1 state=2|0 B|9 B||
2020-11-15 15:03:19|20.855µs|404|GET|/currentUserEmail|::1|0 B|9 B||
2020-11-15 15:03:19|22.482µs|404|GET|/isAdmin|::1|0 B|9 B||
2020-11-15 15:03:27|21.621µs|404|GET|/admin/category/all|::1|0 B|9 B||
2020-11-15 15:07:47|20.822µs|404|GET|/admin/user|::1|nickname=|0 B|9 B||
2020-11-15 15:10:53|18.785µs|404|GET|/admin/user|::1|nickname=|0 B|9 B||
2020-11-15 15:10:53|15.321µs|401|GET|/currentUserName|::1|0 B|0 B||
2020-11-15 15:17:02|71.675µs|401|GET|/logout|::1|0 B|0 B||
2020-11-15 15:17:25|22.931809ms|200|POST|/login|::1|0 B|234 B||
2020-11-15 15:17:25|39.097533ms|200|GET|/currentUserName|::1|0 B|18 B||
2020-11-15 15:17:31|13.579µs|401|GET|/logout|::1|0 B|0 B||
2020-11-15 15:19:03|15.937µs|401|GET|/currentUserName|::1|0 B|0 B||
2020-11-15 15:19:10|19.304µs|404|GET|/admin/user|::1|nickname=|0 B|9 B||
2020-11-15 15:19:12|52.721µs|404|GET|/admin/category/all|::1|0 B|9 B||
2020-11-15 15:19:13|37.61µs|404|GET|/article/dataStatistics|::1|0 B|9 B||
2020-11-15 15:19:14|19.733µs|404|GET|/admin/user|::1|nickname=|0 B|9 B||
2020-11-15 15:19:16|18.321µs|404|GET|/article/all|::1|count=6 keywords= page=1 state=-1|0 B|9 B||
2020-11-15 15:19:16|17.879µs|404|GET|/article/all|::1|count=6 keywords= page=1 state=1|0 B|9 B||
2020-11-15 15:19:16|17.715µs|404|GET|/article/all|::1|count=6 keywords= page=1 state=0|0 B|9 B||
2020-11-15 15:19:16|36.546µs|404|GET|/article/all|::1|count=6 keywords= page=1 state=2|0 B|9 B||
2020-11-15 15:19:16|19.282µs|404|GET|/currentUserEmail|::1|0 B|9 B||
2020-11-15 15:19:16|31.296µs|404|GET|/isAdmin|::1|0 B|9 B||
2020-11-15 15:19:34|16.01µs|401|GET|/logout|::1|0 B|0 B||
2020-11-15 15:26:41|31.819562ms|200|POST|/login|::1|0 B|234 B||
2020-11-15 15:26:41|8.29405ms|200|GET|/currentUserName|::1|0 B|18 B||
2020-11-15 15:26:55|165.539µs|200|GET|/logout|::1|0 B|0 B||
2020-11-15 15:27:08|14.926501ms|200|GET|/currentUserName|::1|0 B|18 B||
2020-11-15 15:29:49|163.381µs|401|GET|/currentUserName|::1|0 B|0 B||
2020-11-15 15:29:54|14.733µs|401|GET|/logout|::1|0 B|0 B||
2020-11-15 15:29:57|24.702304ms|200|POST|/login|::1|0 B|234 B||
2020-11-15 15:29:58|51.991248ms|200|GET|/currentUserName|::1|0 B|18 B||
2020-11-15 15:30:02|16.299µs|401|GET|/logout|::1|0 B|0 B||
2020-11-15 15:35:41|28.405998ms|200|POST|/login|::1|0 B|234 B||
2020-11-15 15:35:42|53.44316ms|200|GET|/currentUserName|::1|0 B|18 B||
2020-11-15 15:35:51|17.392µs|401|GET|/currentUserName|::1|0 B|0 B||
2020-11-15 16:16:21|38.053782ms|200|POST|/login|::1|0 B|234 B||
2020-11-15 16:16:22|19.846714ms|200|GET|/currentUserName|::1|0 B|18 B||
2020-11-15 16:16:37|28.352µs|404|GET|/admin/user|::1|nickname=|0 B|9 B||
2020-11-15 16:16:42|30.562µs|404|GET|/admin/category/all|::1|0 B|9 B||
2020-11-15 16:16:44|21.263µs|404|GET|/article/dataStatistics|::1|0 B|9 B||
2020-11-15 16:16:46|18.418µs|404|GET|/article/all|::1|count=6 keywords= page=1 state=-1|0 B|9 B||
2020-11-15 16:16:46|18.964µs|404|GET|/article/all|::1|count=6 keywords= page=1 state=1|0 B|9 B||
2020-11-15 16:16:46|21.115µs|404|GET|/article/all|::1|count=6 keywords= page=1 state=0|0 B|9 B||
2020-11-15 16:16:46|19.545µs|404|GET|/article/all|::1|count=6 keywords= page=1 state=2|0 B|9 B||
2020-11-15 16:16:46|14.893194ms|200|GET|/currentUserEmail|::1|0 B|17 B||
2020-11-15 16:16:46|62.004µs|404|GET|/isAdmin|::1|0 B|9 B||
2020-11-15 16:17:04|21.293µs|404|GET|/admin/category/all|::1|0 B|9 B||
2020-11-15 16:29:18|23.641604ms|200|POST|/login|::1|0 B|249 B||
2020-11-15 16:29:19|20.802501ms|200|GET|/currentUserName|::1|0 B|18 B||
2020-11-15 16:29:27|29.747µs|404|GET|/admin/user|::1|nickname=|0 B|9 B||
2020-11-15 16:29:33|20.76µs|404|GET|/admin/category/all|::1|0 B|9 B||
2020-11-15 16:29:35|18.271µs|404|GET|/article/all|::1|count=6 keywords= page=1 state=-1|0 B|9 B||
2020-11-15 16:29:35|36.38µs|404|GET|/article/all|::1|count=6 keywords= page=1 state=1|0 B|9 B||
2020-11-15 16:29:35|23.342µs|404|GET|/article/all|::1|count=6 keywords= page=1 state=0|0 B|9 B||
2020-11-15 16:29:35|19.726µs|404|GET|/article/all|::1|count=6 keywords= page=1 state=2|0 B|9 B||
2020-11-15 16:29:35|7.63504ms|200|GET|/currentUserEmail|::1|0 B|17 B||
2020-11-15 16:29:35|61.184614ms|200|GET|/isAdmin|::1|0 B|5 B||
2020-11-15 16:29:36|26.361µs|404|GET|/admin/article/all|::1|count=6 keywords= page=1|0 B|9 B||
2020-11-15 16:30:43|26.110378ms|200|POST|/login|::1|0 B|249 B||
2020-11-15 16:30:57|14.915372ms|200|POST|/login|::1|0 B|249 B||
2020-11-15 16:32:25|26.896335ms|200|POST|/login|::1|0 B|249 B||
2020-11-15 16:32:26|23.248357ms|200|GET|/currentUserName|::1|0 B|18 B||
2020-11-15 16:32:33|27.962µs|404|GET|/article/all|::1|count=6 keywords= page=1 state=-1|0 B|9 B||
2020-11-15 16:32:33|20.716µs|404|GET|/article/all|::1|count=6 keywords= page=1 state=1|0 B|9 B||
2020-11-15 16:32:33|38.145µs|404|GET|/article/all|::1|count=6 keywords= page=1 state=0|0 B|9 B||
2020-11-15 16:32:33|43.876µs|404|GET|/article/all|::1|count=6 keywords= page=1 state=2|0 B|9 B||
2020-11-15 16:32:33|15.36397ms|200|GET|/currentUserEmail|::1|0 B|17 B||
2020-11-15 16:32:33|30.95394ms|200|GET|/isAdmin|::1|0 B|5 B||
2020-11-15 16:32:33|24.576µs|404|GET|/admin/article/all|::1|count=6 keywords= page=1|0 B|9 B||
2020-11-15 16:32:36|58.613643ms|200|PUT|/updateUserEmail|::1|0 B|64 B||
2020-11-15 16:34:27|170.448µs|404|GET|/article/all|::1|count=6 keywords= page=1 state=-1|0 B|9 B||
2020-11-15 16:34:27|20.904µs|404|GET|/article/all|::1|count=6 keywords= page=1 state=1|0 B|9 B||
2020-11-15 16:34:27|19.88µs|404|GET|/article/all|::1|count=6 keywords= page=1 state=0|0 B|9 B||
2020-11-15 16:34:27|18.626µs|404|GET|/article/all|::1|count=6 keywords= page=1 state=2|0 B|9 B||
2020-11-15 16:34:27|33.646µs|401|GET|/currentUserEmail|::1|0 B|0 B||
2020-11-15 16:34:27|15.049µs|401|GET|/isAdmin|::1|0 B|0 B||
2020-11-15 16:34:27|13.879µs|401|GET|/currentUserName|::1|0 B|0 B||
2020-11-15 16:34:33|25.884934ms|200|POST|/login|::1|0 B|249 B||
2020-11-15 16:34:34|16.446326ms|200|GET|/currentUserName|::1|0 B|18 B||
2020-11-15 16:34:35|19.803µs|404|GET|/admin/user|::1|nickname=|0 B|9 B||
2020-11-15 16:34:37|23.109µs|404|GET|/article/all|::1|count=6 keywords= page=1 state=1|0 B|9 B||
2020-11-15 16:34:37|49.934µs|404|GET|/article/all|::1|count=6 keywords= page=1 state=-1|0 B|9 B||
2020-11-15 16:34:37|20.087µs|404|GET|/article/all|::1|count=6 keywords= page=1 state=0|0 B|9 B||
2020-11-15 16:34:37|21.625µs|404|GET|/article/all|::1|count=6 keywords= page=1 state=2|0 B|9 B||
2020-11-15 16:34:37|33.691822ms|200|GET|/currentUserEmail|::1|0 B|17 B||
2020-11-15 16:34:37|87.909366ms|200|GET|/isAdmin|::1|0 B|5 B||
2020-11-15 16:34:37|30.584µs|404|GET|/admin/article/all|::1|count=6 keywords= page=1|0 B|9 B||
2020-11-15 16:34:43|113.928034ms|200|PUT|/updateUserEmail|::1|0 B|64 B||
2020-11-16 17:57:13|33.936903ms|200|POST|/login|::1|0 B|249 B||
2020-11-16 17:57:13|16.084185ms|200|GET|/currentUserName|::1|0 B|18 B||
2020-11-16 18:31:21|82.654µs|404|GET|/admin/user|::1|nickname=|0 B|9 B||
2020-11-16 18:40:27|108.291µs|401|GET|/currentUserName|::1|0 B|0 B||
2020-11-16 18:40:27|196.658µs|401|GET|/admin/user|::1|nickname=|0 B|0 B||
2020-11-16 18:40:34|44.160297ms|200|POST|/login|::1|0 B|249 B||
2020-11-16 18:40:35|12.284518ms|200|GET|/currentUserName|::1|0 B|18 B||
2020-11-16 18:40:37|16.951178ms|200|GET|/admin/user|::1|nickname=|0 B|3 B||
2020-11-16 18:44:49|22.690286ms|200|POST|/login|::1|0 B|249 B||
2020-11-16 18:44:49|16.218287ms|200|GET|/currentUserName|::1|0 B|18 B||
2020-11-16 18:44:52|8.208105ms|200|GET|/admin/user|::1|nickname=|0 B|5.2 KB||
2020-11-16 18:45:09|27.751µs|404|PUT|/admin/user/enabled|::1|27 B|9 B|enabled=true&uid=undefined&|
2020-11-16 18:45:09|21.488µs|404|GET|/admin/user/undefined|::1|0 B|9 B||
2020-11-16 18:45:11|22.139µs|404|PUT|/admin/user/enabled|::1|28 B|9 B|enabled=false&uid=undefined&|
2020-11-16 18:45:11|31.648µs|404|GET|/admin/user/undefined|::1|0 B|9 B||
2020-11-16 18:45:22|14.319µs|401|GET|/admin/user|::1|nickname=|0 B|0 B||
2020-11-16 18:45:22|6.916µs|401|GET|/currentUserName|::1|0 B|0 B||
2020-11-16 18:45:34|20.445288ms|200|POST|/login|::1|0 B|249 B||
2020-11-16 18:45:34|14.689562ms|200|GET|/currentUserName|::1|0 B|18 B||
2020-11-16 18:45:37|8.226514ms|200|GET|/admin/user|::1|nickname=|0 B|5.2 KB||
2020-11-16 18:47:41|14.612µs|401|GET|/admin/user|::1|nickname=|0 B|0 B||
2020-11-16 18:47:41|6.337µs|401|GET|/currentUserName|::1|0 B|0 B||
2020-11-16 18:47:49|58.969987ms|200|POST|/login|::1|0 B|249 B||
2020-11-16 18:47:49|48.827028ms|200|GET|/currentUserName|::1|0 B|18 B||
2020-11-16 18:47:51|20.274326ms|200|GET|/admin/user|::1|nickname=|0 B|5.2 KB||
2020-11-16 18:56:33|28.608834ms|200|POST|/login|::1|0 B|249 B||
2020-11-16 18:56:33|9.723934ms|200|GET|/currentUserName|::1|0 B|18 B||
2020-11-16 18:56:35|8.962585ms|200|GET|/admin/user|::1|nickname=undefined|0 B|3 B||
2020-11-16 18:58:17|12.721µs|401|GET|/currentUserName|::1|0 B|0 B||
2020-11-16 18:58:17|12.611µs|401|GET|/admin/user|::1|nickname=|0 B|0 B||
2020-11-16 18:58:22|16.005417ms|200|POST|/login|::1|0 B|249 B||
2020-11-16 18:58:22|18.659337ms|200|GET|/currentUserName|::1|0 B|18 B||
2020-11-16 18:58:24|6.441931ms|200|GET|/admin/user|::1|nickname=|0 B|5.2 KB||
2020-11-16 19:00:12|224.915µs|401|GET|/admin/user|::1|nickname=|0 B|0 B||
2020-11-16 19:00:12|19.913µs|401|GET|/currentUserName|::1|0 B|0 B||
2020-11-16 19:00:17|58.481713ms|200|POST|/login|::1|0 B|249 B||
2020-11-16 19:00:18|15.112411ms|200|GET|/currentUserName|::1|0 B|18 B||
2020-11-16 19:00:20|9.491685ms|200|GET|/admin/user|::1|nickname=|0 B|5.2 KB||
2020-11-16 19:00:27|27.654µs|404|GET|/admin/roles|::1|0 B|9 B||
2020-11-16 19:00:32|20.759µs|404|GET|/admin/roles|::1|0 B|9 B||
2020-11-16 19:03:55|71.601µs|401|GET|/admin/user|::1|nickname=|0 B|0 B||
2020-11-16 19:03:55|287.717µs|401|GET|/currentUserName|::1|0 B|0 B||
2020-11-16 19:04:02|16.869949ms|200|POST|/login|::1|0 B|249 B||
2020-11-16 19:04:03|46.46149ms|200|GET|/currentUserName|::1|0 B|18 B||
2020-11-16 19:04:04|28.000492ms|200|GET|/admin/user|::1|nickname=|0 B|5.2 KB||
2020-11-16 19:04:56|24.799464ms|200|POST|/login|::1|0 B|249 B||
2020-11-16 19:04:56|13.814479ms|200|GET|/currentUserName|::1|0 B|18 B||
2020-11-16 19:04:58|8.361224ms|200|GET|/admin/user|::1|nickname=|0 B|5.1 KB||
2020-11-16 19:09:42|155.792µs|401|GET|/currentUserName|::1|0 B|0 B||
2020-11-16 19:09:42|16.499µs|401|GET|/admin/user|::1|nickname=|0 B|0 B||
2020-11-16 19:09:54|22.945927ms|200|POST|/login|::1|0 B|249 B||
2020-11-16 19:09:54|13.965594ms|200|GET|/currentUserName|::1|0 B|18 B||
2020-11-16 19:09:57|10.421158ms|200|GET|/admin/user|::1|nickname=|0 B|5.1 KB||
2020-11-16 19:12:11|31.341406ms|200|POST|/login|::1|0 B|249 B||
2020-11-16 19:12:11|14.921467ms|200|GET|/currentUserName|::1|0 B|18 B||
2020-11-16 19:12:12|8.522183ms|200|GET|/admin/user|::1|nickname=|0 B|5.2 KB||
2020-11-16 19:14:01|53.555µs|404|GET|/admin/roles|::1|0 B|9 B||
2020-11-16 19:28:40|128.75µs|401|GET|/currentUserName|::1|0 B|0 B||
2020-11-16 19:28:40|11.804µs|401|GET|/admin/user|::1|nickname=|0 B|0 B||
2020-11-16 19:29:53|25.645935ms|200|POST|/login|::1|0 B|249 B||
2020-11-16 19:29:53|17.488936ms|200|GET|/currentUserName|::1|0 B|18 B||
2020-11-16 19:29:55|6.845765ms|200|GET|/admin/user|::1|nickname=|0 B|5.2 KB||
2020-11-16 19:29:59|13.330102ms|200|GET|/admin/roles|::1|0 B|254 B||
2020-11-16 19:31:01|26.388236ms|200|POST|/login|::1|0 B|249 B||
2020-11-16 19:31:01|10.733951ms|200|GET|/currentUserName|::1|0 B|18 B||
2020-11-16 19:31:03|8.622954ms|200|GET|/admin/user|::1|nickname=|0 B|5.2 KB||
2020-11-16 19:31:06|10.969804ms|200|GET|/admin/roles|::1|0 B|254 B||
2020-11-16 19:31:29|6.898886ms|200|GET|/admin/roles|::1|0 B|254 B||
2020-11-16 19:31:33|11.232063ms|200|GET|/admin/roles|::1|0 B|254 B||
2020-11-16 19:35:05|16.088µs|401|GET|/admin/user|::1|nickname=|0 B|0 B||
2020-11-16 19:35:05|7.443µs|401|GET|/currentUserName|::1|0 B|0 B||
2020-11-16 19:35:16|21.676758ms|200|POST|/login|::1|0 B|249 B||
2020-11-16 19:35:16|10.822122ms|200|GET|/currentUserName|::1|0 B|18 B||
2020-11-16 19:35:18|8.200035ms|200|GET|/admin/user|::1|nickname=|0 B|5.2 KB||
2020-11-16 19:35:27|18.64027ms|200|GET|/admin/roles|::1|0 B|254 B||
2020-11-16 19:41:53|36.908829ms|200|POST|/login|::1|0 B|249 B||
2020-11-16 19:41:53|21.221618ms|200|GET|/currentUserName|::1|0 B|18 B||
2020-11-16 19:41:55|20.464151ms|200|GET|/admin/user|::1|nickname=|0 B|5.2 KB||
2020-11-16 19:41:58|35.163583ms|200|GET|/admin/roles|::1|0 B|254 B||
2020-11-16 19:43:11|4.459545ms|200|GET|/admin/roles|::1|0 B|254 B||
2020-11-16 19:45:11|18.727471ms|200|POST|/login|::1|0 B|249 B||
2020-11-16 19:45:12|16.077257ms|200|GET|/currentUserName|::1|0 B|18 B||
2020-11-16 19:45:14|6.67188ms|200|GET|/admin/user|::1|nickname=|0 B|5.2 KB||
2020-11-16 19:45:16|7.037136ms|200|GET|/admin/roles|::1|0 B|254 B||
2020-11-16 19:46:25|325.655µs|404|GET|/admin/category/all|::1|0 B|9 B||
2020-11-16 19:46:26|47.147244ms|500|GET|/admin/user|::1|nickname=|0 B|21 B|error(runtime error: invalid memory address or nil pointer dereference /Users/fengzw/Documents/go_project/blog-go/src/controller/UserController.go:74)|
2020-11-16 19:47:53|182.578µs|404|GET|/admin/category/all|::1|0 B|9 B||
2020-11-16 19:47:54|8.939186ms|200|GET|/admin/user|::1|nickname=|0 B|5.2 KB||
2020-11-16 19:47:58|8.736436ms|200|GET|/admin/roles|::1|0 B|254 B||
2020-11-16 19:48:09|24.08907ms|200|POST|/login|::1|0 B|249 B||
2020-11-16 19:48:10|44.163301ms|200|GET|/currentUserName|::1|0 B|18 B||
2020-11-16 19:48:12|7.915174ms|200|GET|/admin/user|::1|nickname=|0 B|5.2 KB||
2020-11-16 19:48:14|14.666778ms|200|GET|/admin/roles|::1|0 B|254 B||
2020-11-16 19:51:13|19.440917ms|200|POST|/login|::1|0 B|249 B||
2020-11-16 19:51:13|17.479681ms|200|GET|/currentUserName|::1|0 B|18 B||
2020-11-16 19:51:15|48.40899ms|200|GET|/admin/user|::1|nickname=|0 B|6.3 KB||
2020-11-16 19:51:20|11.783661ms|200|GET|/admin/roles|::1|0 B|254 B||
2020-11-16 19:51:32|40.391µs|404|PUT|/admin/user/role|::1|20 B|9 B|rids=1%2C2%2C3&id=6&|
2020-11-16 19:52:54|4.352255ms|200|GET|/admin/roles|::1|0 B|254 B||
2020-11-16 19:52:59|52.182µs|404|PUT|/admin/user/role|::1|20 B|9 B|rids=1%2C2%2C3&id=6&|
2020-11-16 21:10:13|45.66993ms|200|POST|/login|::1|0 B|249 B||
2020-11-16 21:10:14|14.393257ms|200|GET|/currentUserName|::1|0 B|18 B||
2020-11-16 21:10:16|51.132456ms|200|GET|/admin/user|::1|nickname=|0 B|6.3 KB||
2020-11-16 21:10:22|11.231625ms|200|GET|/admin/roles|::1|0 B|254 B||
2020-11-16 21:10:29|31.884µs|404|PUT|/admin/user/role|::1|20 B|9 B|rids=1%2C2%2C3&id=6&|
2020-11-16 21:11:18|20.092629ms|200|GET|/admin/roles|::1|0 B|254 B||
2020-11-16 21:11:23|330.237015ms|400|PUT|/admin/user/role|::1|0 B|106 B|error(strconv.Atoi: parsing "1,2,3": invalid syntax)|
2020-11-16 21:12:10|12.856599ms|200|POST|/login|::1|0 B|249 B||
2020-11-16 21:12:10|15.815683ms|200|GET|/currentUserName|::1|0 B|18 B||
2020-11-16 21:12:12|41.551704ms|200|GET|/admin/user|::1|nickname=|0 B|6.2 KB||
2020-11-16 21:12:17|15.695873ms|200|GET|/admin/roles|::1|0 B|254 B||
2020-11-16 21:12:24|76.715187ms|400|PUT|/admin/user/role|::1|0 B|106 B|error(strconv.Atoi: parsing "1,2,3": invalid syntax)|
2020-11-16 21:21:22|202.03µs|404|GET|/admin/category/all|::1|0 B|9 B||
2020-11-16 21:21:23|34.126318ms|200|GET|/admin/user|::1|nickname=|0 B|6.2 KB||
2020-11-16 21:21:32|25.452684ms|200|GET|/admin/roles|::1|0 B|254 B||
2020-11-16 21:21:40|267.530304ms|400|PUT|/admin/user/role|::1|0 B|104 B|error(strconv.Atoi: parsing "1,2": invalid syntax)|
2020-11-16 21:23:44|7.364153ms|200|GET|/admin/roles|::1|0 B|254 B||
2020-11-16 21:23:49|253.504229ms|400|PUT|/admin/user/role|::1|0 B|104 B|error(strconv.Atoi: parsing "1,2": invalid syntax)|
2020-11-16 21:26:26|28.107534ms|200|GET|/admin/roles|::1|0 B|254 B||
2020-11-16 21:26:32|160.411709ms|400|PUT|/admin/user/role|::1|0 B|106 B|error(strconv.Atoi: parsing "1,2,3": invalid syntax)|
2020-11-16 21:28:56|9.299531ms|200|GET|/admin/roles|::1|0 B|254 B||
2020-11-16 21:29:03|181.962028ms|400|PUT|/admin/user/role|::1|0 B|106 B|error(strconv.Atoi: parsing "1,2,3": invalid syntax)|
2020-11-16 21:30:09|21.225982ms|200|GET|/admin/roles|::1|0 B|254 B||
2020-11-16 21:30:12|168.241284ms|400|PUT|/admin/user/role|::1|0 B|104 B|error(strconv.Atoi: parsing "1,2": invalid syntax)|
2020-11-16 21:31:19|37.250154ms|200|GET|/admin/roles|::1|0 B|254 B||
2020-11-16 21:31:22|171.218087ms|400|PUT|/admin/user/role|::1|0 B|104 B|error(strconv.Atoi: parsing "1,2": invalid syntax)|
2020-11-16 21:35:01|17.922681ms|200|GET|/admin/roles|::1|0 B|254 B||
2020-11-16 21:35:05|212.918693ms|400|PUT|/admin/user/role|::1|0 B|104 B|error(strconv.Atoi: parsing "1,2": invalid syntax)|
2020-11-16 21:36:42|7.951704ms|200|GET|/admin/roles|::1|0 B|254 B||
2020-11-16 21:36:45|210.988275ms|200|PUT|/admin/user/role|::1|0 B|61 B||
2020-11-16 21:37:37|33.372µs|404|GET|/admin/category/all|::1|0 B|9 B||
2020-11-16 21:37:38|70.041436ms|200|GET|/admin/user|::1|nickname=|0 B|6.3 KB||
2020-11-16 21:40:51|113.122µs|401|GET|/currentUserName|::1|0 B|0 B||
2020-11-16 21:40:51|197.25µs|401|GET|/admin/user|::1|nickname=|0 B|0 B||
2020-11-16 21:42:30|36.402426ms|200|POST|/login|::1|0 B|249 B||
2020-11-16 21:42:30|21.059503ms|200|GET|/currentUserName|::1|0 B|18 B||
2020-11-16 21:42:36|56.021168ms|200|GET|/admin/user|::1|nickname=|0 B|6.3 KB||
2020-11-16 21:42:39|4.246285ms|200|GET|/admin/roles|::1|0 B|254 B||
2020-11-16 21:42:43|315.907402ms|200|PUT|/admin/user/role|::1|0 B|61 B||
2020-11-16 21:42:43|18.191µs|404|GET|/admin/user/6|::1|0 B|9 B||
2020-11-16 21:43:05|14.695µs|401|GET|/admin/user|::1|nickname=|0 B|0 B||
2020-11-16 21:43:05|6.528µs|401|GET|/currentUserName|::1|0 B|0 B||
2020-11-16 21:43:11|25.204166ms|200|POST|/login|::1|0 B|249 B||
2020-11-16 21:43:11|15.960824ms|200|GET|/currentUserName|::1|0 B|18 B||
2020-11-16 21:43:13|37.372464ms|200|GET|/admin/user|::1|nickname=|0 B|6.4 KB||
2020-11-16 21:43:31|19.841µs|404|GET|/admin/category/all|::1|0 B|9 B||
2020-11-16 21:43:34|19.549µs|404|GET|/article/dataStatistics|::1|0 B|9 B||
2020-11-17 10:40:44|31.39741ms|200|POST|/login|::1|0 B|249 B||
2020-11-17 10:40:44|16.795191ms|200|GET|/currentUserName|::1|0 B|18 B||
2020-11-17 10:40:46|46.004013ms|200|GET|/admin/user|::1|nickname=|0 B|6.4 KB||
2020-11-17 10:40:55|8.21611ms|200|GET|/admin/roles|::1|0 B|254 B||
2020-11-17 10:40:58|195.680895ms|200|PUT|/admin/user/role|::1|0 B|61 B||
2020-11-17 10:40:58|25.628µs|404|GET|/admin/user/6|::1|0 B|9 B||
2020-11-17 10:41:14|5.421377ms|200|GET|/admin/roles|::1|0 B|254 B||
2020-11-17 10:41:17|182.497351ms|200|PUT|/admin/user/role|::1|0 B|61 B||
2020-11-17 10:41:17|19.149µs|404|GET|/admin/user/6|::1|0 B|9 B||
2020-11-17 10:49:00|20.183721ms|200|POST|/login|::1|0 B|249 B||
2020-11-17 10:49:00|13.20988ms|200|GET|/currentUserName|::1|0 B|18 B||
2020-11-17 10:49:02|51.632825ms|200|GET|/admin/user|::1|nickname=|0 B|6.3 KB||
2020-11-17 10:49:05|13.380235ms|200|GET|/admin/roles|::1|0 B|254 B||
2020-11-17 10:49:09|260.025399ms|200|PUT|/admin/user/role|::1|0 B|61 B||
2020-11-17 10:49:09|71.044059ms|200|GET|/admin/user/6|::1|id=6|0 B|643 B||
2020-11-17 10:49:30|51.162µs|404|DELETE|/admin/user/19|::1|0 B|9 B||
2020-11-17 10:59:52|346.877µs|401|GET|/admin/user|::1|nickname=|0 B|0 B||
2020-11-17 10:59:52|238.485µs|401|GET|/currentUserName|::1|0 B|0 B||
2020-11-17 11:00:51|29.312744ms|200|POST|/login|::1|0 B|249 B||
2020-11-17 11:00:51|21.383727ms|200|GET|/currentUserName|::1|0 B|18 B||
2020-11-17 11:00:53|38.269606ms|200|GET|/admin/user|::1|nickname=|0 B|6.4 KB||
2020-11-17 11:01:02|82.470296ms|200|DELETE|/admin/user/19|::1|id=19|0 B|61 B||
2020-11-17 11:01:02|37.044753ms|200|GET|/admin/user|::1|nickname=|0 B|5.8 KB||
2020-11-17 11:01:56|46.23865ms|200|DELETE|/admin/user/18|::1|id=18|0 B|61 B||
2020-11-17 11:01:56|63.087267ms|200|GET|/admin/user|::1|nickname=|0 B|5.3 KB||
2020-11-17 11:03:34|21.158µs|404|PUT|/admin/user/enabled|::1|20 B|9 B|enabled=true&uid=17&|
2020-11-17 11:03:34|65.042959ms|200|GET|/admin/user/17|::1|id=17|0 B|519 B||
2020-11-17 11:13:34|22.285406ms|200|POST|/login|::1|0 B|249 B||
2020-11-17 11:13:34|15.808001ms|200|GET|/currentUserName|::1|0 B|18 B||
2020-11-17 11:13:36|33.303867ms|200|GET|/admin/user|::1|nickname=|0 B|5.3 KB||
2020-11-17 11:13:42|6.572616ms|200|GET|/admin/roles|::1|0 B|254 B||
2020-11-17 11:13:44|165.566987ms|200|PUT|/admin/user/role|::1|0 B|61 B||
2020-11-17 11:13:44|87.448085ms|200|GET|/admin/user/6|::1|id=6|0 B|760 B||
2020-11-17 11:14:44|14.787µs|401|GET|/admin/user|::1|nickname=|0 B|0 B||
2020-11-17 11:14:44|12.406µs|401|GET|/currentUserName|::1|0 B|0 B||
2020-11-17 11:14:54|18.256771ms|200|POST|/login|::1|0 B|249 B||
2020-11-17 11:14:54|7.807271ms|200|GET|/currentUserName|::1|0 B|18 B||
2020-11-17 11:14:55|43.664076ms|200|GET|/admin/user|::1|nickname=|0 B|5.3 KB||
2020-11-17 11:16:15|22.824072ms|200|POST|/login|::1|0 B|249 B||
2020-11-17 11:16:16|7.803751ms|200|GET|/currentUserName|::1|0 B|18 B||
2020-11-17 11:16:18|41.910303ms|200|GET|/admin/user|::1|nickname=|0 B|5.3 KB||
2020-11-17 11:16:21|32.485548ms|200|GET|/admin/roles|::1|0 B|254 B||
2020-11-17 11:16:23|179.552557ms|200|PUT|/admin/user/role|::1|0 B|61 B||
2020-11-17 11:16:23|51.00607ms|200|GET|/admin/user/6|::1|id=6|0 B|585 B||
2020-11-17 11:16:27|109.344µs|400|PUT|/admin/user/enabled|::1|20 B|0 B|enabled=true&uid=17&|
2020-11-17 11:16:27|90.947177ms|200|GET|/admin/user/17|::1|id=17|0 B|519 B||
2020-11-17 11:17:19|60.988396ms|200|PUT|/admin/user/enabled|::1|0 B|61 B||
2020-11-17 11:17:32|69.132017ms|200|PUT|/admin/user/enabled|::1|0 B|61 B||
2020-11-17 11:18:12|10.118298ms|200|GET|/admin/user|::1|nickname=linghu|0 B|3 B||
2020-11-17 11:18:21|19.796479ms|200|GET|/admin/user|::1|nickname=令狐|0 B|3 B||
2020-11-17 11:18:28|42.596935ms|200|GET|/admin/user|::1|nickname=令狐葱|0 B|629 B||
2020-11-17 11:23:09|25.062149ms|200|POST|/login|::1|0 B|249 B||
2020-11-17 11:23:09|9.606703ms|200|GET|/currentUserName|::1|0 B|18 B||
2020-11-17 11:23:11|30.559011ms|200|GET|/admin/user|::1|nickname=|0 B|5.2 KB||
2020-11-17 11:23:20|65.919878ms|200|GET|/admin/user|::1|nickname=令|0 B|629 B||
2020-11-17 11:23:24|47.707577ms|200|GET|/admin/user|::1|nickname=江南|0 B|683 B||
2020-11-17 11:23:27|32.202356ms|200|GET|/admin/user|::1|nickname=|0 B|5.2 KB||
